<?xml version="1.0" encoding="UTF-8"?>
<testsuite xmlns:xsi="http://www.w3.org/2001/XMLSchema-instance" xsi:noNamespaceSchemaLocation="https://maven.apache.org/surefire/maven-surefire-plugin/xsd/surefire-test-report.xsd" name="com.practice.AppTest" time="0.03" tests="1" errors="0" skipped="0" failures="0">
  <properties>
    <property name="java.specification.version" value="17"/>
    <property name="sun.cpu.isalist" value="amd64"/>
    <property name="sun.jnu.encoding" value="Cp1252"/>
    <property name="java.class.path" value="C:\Users\46736\Desktop\JavaProject\demo\target\test-classes;C:\Users\46736\Desktop\JavaProject\demo\target\classes;C:\Users\46736\.m2\repository\junit\junit\4.11\junit-4.11.jar;C:\Users\46736\.m2\repository\org\hamcrest\hamcrest-core\1.3\hamcrest-core-1.3.jar;C:\Users\46736\.m2\repository\org\apache\camel\camel-core\3.0.0-M2\camel-core-3.0.0-M2.jar;C:\Users\46736\.m2\repository\org\apache\camel\camel-util\3.0.0-M2\camel-util-3.0.0-M2.jar;C:\Users\46736\.m2\repository\org\apache\camel\camel-api\3.0.0-M2\camel-api-3.0.0-M2.jar;C:\Users\46736\.m2\repository\org\apache\camel\camel-management-api\3.0.0-M2\camel-management-api-3.0.0-M2.jar;C:\Users\46736\.m2\repository\org\apache\camel\camel-base\3.0.0-M2\camel-base-3.0.0-M2.jar;C:\Users\46736\.m2\repository\org\apache\camel\camel-support\3.0.0-M2\camel-support-3.0.0-M2.jar;C:\Users\46736\.m2\repository\org\apache\camel\camel-browse\3.0.0-M2\camel-browse-3.0.0-M2.jar;C:\Users\46736\.m2\repository\org\apache\camel\camel-controlbus\3.0.0-M2\camel-controlbus-3.0.0-M2.jar;C:\Users\46736\.m2\repository\org\apache\camel\camel-dataformat\3.0.0-M2\camel-dataformat-3.0.0-M2.jar;C:\Users\46736\.m2\repository\org\apache\camel\camel-direct\3.0.0-M2\camel-direct-3.0.0-M2.jar;C:\Users\46736\.m2\repository\org\apache\camel\camel-directvm\3.0.0-M2\camel-directvm-3.0.0-M2.jar;C:\Users\46736\.m2\repository\org\apache\camel\camel-file\3.0.0-M2\camel-file-3.0.0-M2.jar;C:\Users\46736\.m2\repository\org\apache\camel\camel-language\3.0.0-M2\camel-language-3.0.0-M2.jar;C:\Users\46736\.m2\repository\org\apache\camel\camel-log\3.0.0-M2\camel-log-3.0.0-M2.jar;C:\Users\46736\.m2\repository\org\apache\camel\camel-properties\3.0.0-M2\camel-properties-3.0.0-M2.jar;C:\Users\46736\.m2\repository\org\apache\camel\camel-ref\3.0.0-M2\camel-ref-3.0.0-M2.jar;C:\Users\46736\.m2\repository\org\apache\camel\camel-rest\3.0.0-M2\camel-rest-3.0.0-M2.jar;C:\Users\46736\.m2\repository\org\apache\camel\camel-saga\3.0.0-M2\camel-saga-3.0.0-M2.jar;C:\Users\46736\.m2\repository\org\apache\camel\camel-scheduler\3.0.0-M2\camel-scheduler-3.0.0-M2.jar;C:\Users\46736\.m2\repository\org\apache\camel\camel-seda\3.0.0-M2\camel-seda-3.0.0-M2.jar;C:\Users\46736\.m2\repository\org\apache\camel\camel-stub\3.0.0-M2\camel-stub-3.0.0-M2.jar;C:\Users\46736\.m2\repository\org\apache\camel\camel-timer\3.0.0-M2\camel-timer-3.0.0-M2.jar;C:\Users\46736\.m2\repository\org\apache\camel\camel-validator\3.0.0-M2\camel-validator-3.0.0-M2.jar;C:\Users\46736\.m2\repository\org\apache\camel\camel-vm\3.0.0-M2\camel-vm-3.0.0-M2.jar;C:\Users\46736\.m2\repository\org\apache\camel\camel-xslt\3.0.0-M2\camel-xslt-3.0.0-M2.jar;C:\Users\46736\.m2\repository\com\github\ben-manes\caffeine\caffeine\2.7.0\caffeine-2.7.0.jar;C:\Users\46736\.m2\repository\org\checkerframework\checker-qual\2.6.0\checker-qual-2.6.0.jar;C:\Users\46736\.m2\repository\com\google\errorprone\error_prone_annotations\2.3.3\error_prone_annotations-2.3.3.jar;C:\Users\46736\.m2\repository\org\apache\camel\camel-util-json\3.0.0-M2\camel-util-json-3.0.0-M2.jar;C:\Users\46736\.m2\repository\org\slf4j\slf4j-api\1.7.25\slf4j-api-1.7.25.jar;C:\Users\46736\.m2\repository\org\apache\camel\camel-jms\3.0.0-M2\camel-jms-3.0.0-M2.jar;C:\Users\46736\.m2\repository\org\apache\camel\camel-spring\3.0.0-M2\camel-spring-3.0.0-M2.jar;C:\Users\46736\.m2\repository\org\apache\camel\camel-core-xml\3.0.0-M2\camel-core-xml-3.0.0-M2.jar;C:\Users\46736\.m2\repository\org\apache\camel\spi-annotations\3.0.0-M2\spi-annotations-3.0.0-M2.jar;C:\Users\46736\.m2\repository\org\springframework\spring-core\5.1.5.RELEASE\spring-core-5.1.5.RELEASE.jar;C:\Users\46736\.m2\repository\org\springframework\spring-jcl\5.1.5.RELEASE\spring-jcl-5.1.5.RELEASE.jar;C:\Users\46736\.m2\repository\org\springframework\spring-aop\5.1.5.RELEASE\spring-aop-5.1.5.RELEASE.jar;C:\Users\46736\.m2\repository\org\springframework\spring-expression\5.1.5.RELEASE\spring-expression-5.1.5.RELEASE.jar;C:\Users\46736\.m2\repository\org\springframework\spring-jms\5.1.5.RELEASE\spring-jms-5.1.5.RELEASE.jar;C:\Users\46736\.m2\repository\org\springframework\spring-messaging\5.1.5.RELEASE\spring-messaging-5.1.5.RELEASE.jar;C:\Users\46736\.m2\repository\org\springframework\spring-context\5.1.5.RELEASE\spring-context-5.1.5.RELEASE.jar;C:\Users\46736\.m2\repository\org\springframework\spring-tx\5.1.5.RELEASE\spring-tx-5.1.5.RELEASE.jar;C:\Users\46736\.m2\repository\org\springframework\spring-beans\5.1.5.RELEASE\spring-beans-5.1.5.RELEASE.jar;C:\Users\46736\.m2\repository\org\apache\geronimo\specs\geronimo-jms_2.0_spec\1.0-alpha-2\geronimo-jms_2.0_spec-1.0-alpha-2.jar;C:\Users\46736\.m2\repository\org\apache\activemq\activemq-camel\5.16.6\activemq-camel-5.16.6.jar;C:\Users\46736\.m2\repository\org\apache\activemq\activemq-spring\5.16.6\activemq-spring-5.16.6.jar;C:\Users\46736\.m2\repository\org\apache\xbean\xbean-spring\4.22\xbean-spring-4.22.jar;C:\Users\46736\.m2\repository\commons-logging\commons-logging\1.0.3\commons-logging-1.0.3.jar;C:\Users\46736\.m2\repository\org\apache\geronimo\specs\geronimo-jta_1.1_spec\1.1.1\geronimo-jta_1.1_spec-1.1.1.jar;C:\Users\46736\.m2\repository\org\apache\activemq\activemq-broker\5.16.6\activemq-broker-5.16.6.jar;C:\Users\46736\.m2\repository\org\apache\activemq\activemq-openwire-legacy\5.16.6\activemq-openwire-legacy-5.16.6.jar;C:\Users\46736\.m2\repository\com\fasterxml\jackson\core\jackson-databind\2.14.2\jackson-databind-2.14.2.jar;C:\Users\46736\.m2\repository\com\fasterxml\jackson\core\jackson-annotations\2.14.2\jackson-annotations-2.14.2.jar;C:\Users\46736\.m2\repository\com\fasterxml\jackson\core\jackson-core\2.14.2\jackson-core-2.14.2.jar;C:\Users\46736\.m2\repository\org\apache\activemq\activemq-client\5.16.6\activemq-client-5.16.6.jar;C:\Users\46736\.m2\repository\org\apache\geronimo\specs\geronimo-jms_1.1_spec\1.1.1\geronimo-jms_1.1_spec-1.1.1.jar;C:\Users\46736\.m2\repository\org\fusesource\hawtbuf\hawtbuf\1.11\hawtbuf-1.11.jar;C:\Users\46736\.m2\repository\org\apache\geronimo\specs\geronimo-j2ee-management_1.1_spec\1.0.1\geronimo-j2ee-management_1.1_spec-1.0.1.jar;C:\Users\46736\.m2\repository\org\apache\activemq\activemq-pool\5.15.9\activemq-pool-5.15.9.jar;C:\Users\46736\.m2\repository\org\apache\activemq\activemq-jms-pool\5.15.9\activemq-jms-pool-5.15.9.jar;C:\Users\46736\.m2\repository\org\apache\geronimo\specs\geronimo-jta_1.0.1B_spec\1.0.1\geronimo-jta_1.0.1B_spec-1.0.1.jar;C:\Users\46736\.m2\repository\org\apache\commons\commons-pool2\2.4.2\commons-pool2-2.4.2.jar;C:\Users\46736\.m2\repository\org\slf4j\slf4j-simple\1.7.21\slf4j-simple-1.7.21.jar;C:\Users\46736\.m2\repository\javax\activation\activation\1.1.1\activation-1.1.1.jar;C:\Users\46736\.m2\repository\commons-io\commons-io\2.13.0\commons-io-2.13.0.jar;"/>
    <property name="java.vm.vendor" value="Oracle Corporation"/>
    <property name="sun.arch.data.model" value="64"/>
    <property name="user.variant" value=""/>
    <property name="java.vendor.url" value="https://java.oracle.com/"/>
    <property name="user.timezone" value="Europe/Stockholm"/>
    <property name="os.name" value="Windows 11"/>
    <property name="java.vm.specification.version" value="17"/>
    <property name="sun.java.launcher" value="SUN_STANDARD"/>
    <property name="user.country" value="SE"/>
    <property name="sun.boot.library.path" value="C:\Program Files\Java\jdk-17.0.8\bin"/>
    <property name="sun.java.command" value="C:\Users\46736\AppData\Local\Temp\surefire3813508367334351745\surefirebooter7745564148689733555.jar C:\Users\46736\AppData\Local\Temp\surefire3813508367334351745 2023-09-13T13-27-24_869-jvmRun1 surefire16006288700079994200tmp surefire_0153069031882179109tmp"/>
    <property name="jdk.debug" value="release"/>
    <property name="surefire.test.class.path" value="C:\Users\46736\Desktop\JavaProject\demo\target\test-classes;C:\Users\46736\Desktop\JavaProject\demo\target\classes;C:\Users\46736\.m2\repository\junit\junit\4.11\junit-4.11.jar;C:\Users\46736\.m2\repository\org\hamcrest\hamcrest-core\1.3\hamcrest-core-1.3.jar;C:\Users\46736\.m2\repository\org\apache\camel\camel-core\3.0.0-M2\camel-core-3.0.0-M2.jar;C:\Users\46736\.m2\repository\org\apache\camel\camel-util\3.0.0-M2\camel-util-3.0.0-M2.jar;C:\Users\46736\.m2\repository\org\apache\camel\camel-api\3.0.0-M2\camel-api-3.0.0-M2.jar;C:\Users\46736\.m2\repository\org\apache\camel\camel-management-api\3.0.0-M2\camel-management-api-3.0.0-M2.jar;C:\Users\46736\.m2\repository\org\apache\camel\camel-base\3.0.0-M2\camel-base-3.0.0-M2.jar;C:\Users\46736\.m2\repository\org\apache\camel\camel-support\3.0.0-M2\camel-support-3.0.0-M2.jar;C:\Users\46736\.m2\repository\org\apache\camel\camel-browse\3.0.0-M2\camel-browse-3.0.0-M2.jar;C:\Users\46736\.m2\repository\org\apache\camel\camel-controlbus\3.0.0-M2\camel-controlbus-3.0.0-M2.jar;C:\Users\46736\.m2\repository\org\apache\camel\camel-dataformat\3.0.0-M2\camel-dataformat-3.0.0-M2.jar;C:\Users\46736\.m2\repository\org\apache\camel\camel-direct\3.0.0-M2\camel-direct-3.0.0-M2.jar;C:\Users\46736\.m2\repository\org\apache\camel\camel-directvm\3.0.0-M2\camel-directvm-3.0.0-M2.jar;C:\Users\46736\.m2\repository\org\apache\camel\camel-file\3.0.0-M2\camel-file-3.0.0-M2.jar;C:\Users\46736\.m2\repository\org\apache\camel\camel-language\3.0.0-M2\camel-language-3.0.0-M2.jar;C:\Users\46736\.m2\repository\org\apache\camel\camel-log\3.0.0-M2\camel-log-3.0.0-M2.jar;C:\Users\46736\.m2\repository\org\apache\camel\camel-properties\3.0.0-M2\camel-properties-3.0.0-M2.jar;C:\Users\46736\.m2\repository\org\apache\camel\camel-ref\3.0.0-M2\camel-ref-3.0.0-M2.jar;C:\Users\46736\.m2\repository\org\apache\camel\camel-rest\3.0.0-M2\camel-rest-3.0.0-M2.jar;C:\Users\46736\.m2\repository\org\apache\camel\camel-saga\3.0.0-M2\camel-saga-3.0.0-M2.jar;C:\Users\46736\.m2\repository\org\apache\camel\camel-scheduler\3.0.0-M2\camel-scheduler-3.0.0-M2.jar;C:\Users\46736\.m2\repository\org\apache\camel\camel-seda\3.0.0-M2\camel-seda-3.0.0-M2.jar;C:\Users\46736\.m2\repository\org\apache\camel\camel-stub\3.0.0-M2\camel-stub-3.0.0-M2.jar;C:\Users\46736\.m2\repository\org\apache\camel\camel-timer\3.0.0-M2\camel-timer-3.0.0-M2.jar;C:\Users\46736\.m2\repository\org\apache\camel\camel-validator\3.0.0-M2\camel-validator-3.0.0-M2.jar;C:\Users\46736\.m2\repository\org\apache\camel\camel-vm\3.0.0-M2\camel-vm-3.0.0-M2.jar;C:\Users\46736\.m2\repository\org\apache\camel\camel-xslt\3.0.0-M2\camel-xslt-3.0.0-M2.jar;C:\Users\46736\.m2\repository\com\github\ben-manes\caffeine\caffeine\2.7.0\caffeine-2.7.0.jar;C:\Users\46736\.m2\repository\org\checkerframework\checker-qual\2.6.0\checker-qual-2.6.0.jar;C:\Users\46736\.m2\repository\com\google\errorprone\error_prone_annotations\2.3.3\error_prone_annotations-2.3.3.jar;C:\Users\46736\.m2\repository\org\apache\camel\camel-util-json\3.0.0-M2\camel-util-json-3.0.0-M2.jar;C:\Users\46736\.m2\repository\org\slf4j\slf4j-api\1.7.25\slf4j-api-1.7.25.jar;C:\Users\46736\.m2\repository\org\apache\camel\camel-jms\3.0.0-M2\camel-jms-3.0.0-M2.jar;C:\Users\46736\.m2\repository\org\apache\camel\camel-spring\3.0.0-M2\camel-spring-3.0.0-M2.jar;C:\Users\46736\.m2\repository\org\apache\camel\camel-core-xml\3.0.0-M2\camel-core-xml-3.0.0-M2.jar;C:\Users\46736\.m2\repository\org\apache\camel\spi-annotations\3.0.0-M2\spi-annotations-3.0.0-M2.jar;C:\Users\46736\.m2\repository\org\springframework\spring-core\5.1.5.RELEASE\spring-core-5.1.5.RELEASE.jar;C:\Users\46736\.m2\repository\org\springframework\spring-jcl\5.1.5.RELEASE\spring-jcl-5.1.5.RELEASE.jar;C:\Users\46736\.m2\repository\org\springframework\spring-aop\5.1.5.RELEASE\spring-aop-5.1.5.RELEASE.jar;C:\Users\46736\.m2\repository\org\springframework\spring-expression\5.1.5.RELEASE\spring-expression-5.1.5.RELEASE.jar;C:\Users\46736\.m2\repository\org\springframework\spring-jms\5.1.5.RELEASE\spring-jms-5.1.5.RELEASE.jar;C:\Users\46736\.m2\repository\org\springframework\spring-messaging\5.1.5.RELEASE\spring-messaging-5.1.5.RELEASE.jar;C:\Users\46736\.m2\repository\org\springframework\spring-context\5.1.5.RELEASE\spring-context-5.1.5.RELEASE.jar;C:\Users\46736\.m2\repository\org\springframework\spring-tx\5.1.5.RELEASE\spring-tx-5.1.5.RELEASE.jar;C:\Users\46736\.m2\repository\org\springframework\spring-beans\5.1.5.RELEASE\spring-beans-5.1.5.RELEASE.jar;C:\Users\46736\.m2\repository\org\apache\geronimo\specs\geronimo-jms_2.0_spec\1.0-alpha-2\geronimo-jms_2.0_spec-1.0-alpha-2.jar;C:\Users\46736\.m2\repository\org\apache\activemq\activemq-camel\5.16.6\activemq-camel-5.16.6.jar;C:\Users\46736\.m2\repository\org\apache\activemq\activemq-spring\5.16.6\activemq-spring-5.16.6.jar;C:\Users\46736\.m2\repository\org\apache\xbean\xbean-spring\4.22\xbean-spring-4.22.jar;C:\Users\46736\.m2\repository\commons-logging\commons-logging\1.0.3\commons-logging-1.0.3.jar;C:\Users\46736\.m2\repository\org\apache\geronimo\specs\geronimo-jta_1.1_spec\1.1.1\geronimo-jta_1.1_spec-1.1.1.jar;C:\Users\46736\.m2\repository\org\apache\activemq\activemq-broker\5.16.6\activemq-broker-5.16.6.jar;C:\Users\46736\.m2\repository\org\apache\activemq\activemq-openwire-legacy\5.16.6\activemq-openwire-legacy-5.16.6.jar;C:\Users\46736\.m2\repository\com\fasterxml\jackson\core\jackson-databind\2.14.2\jackson-databind-2.14.2.jar;C:\Users\46736\.m2\repository\com\fasterxml\jackson\core\jackson-annotations\2.14.2\jackson-annotations-2.14.2.jar;C:\Users\46736\.m2\repository\com\fasterxml\jackson\core\jackson-core\2.14.2\jackson-core-2.14.2.jar;C:\Users\46736\.m2\repository\org\apache\activemq\activemq-client\5.16.6\activemq-client-5.16.6.jar;C:\Users\46736\.m2\repository\org\apache\geronimo\specs\geronimo-jms_1.1_spec\1.1.1\geronimo-jms_1.1_spec-1.1.1.jar;C:\Users\46736\.m2\repository\org\fusesource\hawtbuf\hawtbuf\1.11\hawtbuf-1.11.jar;C:\Users\46736\.m2\repository\org\apache\geronimo\specs\geronimo-j2ee-management_1.1_spec\1.0.1\geronimo-j2ee-management_1.1_spec-1.0.1.jar;C:\Users\46736\.m2\repository\org\apache\activemq\activemq-pool\5.15.9\activemq-pool-5.15.9.jar;C:\Users\46736\.m2\repository\org\apache\activemq\activemq-jms-pool\5.15.9\activemq-jms-pool-5.15.9.jar;C:\Users\46736\.m2\repository\org\apache\geronimo\specs\geronimo-jta_1.0.1B_spec\1.0.1\geronimo-jta_1.0.1B_spec-1.0.1.jar;C:\Users\46736\.m2\repository\org\apache\commons\commons-pool2\2.4.2\commons-pool2-2.4.2.jar;C:\Users\46736\.m2\repository\org\slf4j\slf4j-simple\1.7.21\slf4j-simple-1.7.21.jar;C:\Users\46736\.m2\repository\javax\activation\activation\1.1.1\activation-1.1.1.jar;C:\Users\46736\.m2\repository\commons-io\commons-io\2.13.0\commons-io-2.13.0.jar;"/>
    <property name="sun.cpu.endian" value="little"/>
    <property name="user.home" value="C:\Users\46736"/>
    <property name="user.language" value="sv"/>
    <property name="java.specification.vendor" value="Oracle Corporation"/>
    <property name="java.version.date" value="2023-07-18"/>
    <property name="java.home" value="C:\Program Files\Java\jdk-17.0.8"/>
    <property name="file.separator" value="\"/>
    <property name="basedir" value="C:\Users\46736\Desktop\JavaProject\demo"/>
    <property name="java.vm.compressedOopsMode" value="Zero based"/>
    <property name="line.separator" value="&#10;"/>
    <property name="java.vm.specification.vendor" value="Oracle Corporation"/>
    <property name="java.specification.name" value="Java Platform API Specification"/>
    <property name="surefire.real.class.path" value="C:\Users\46736\AppData\Local\Temp\surefire3813508367334351745\surefirebooter7745564148689733555.jar"/>
    <property name="user.script" value=""/>
    <property name="sun.management.compiler" value="HotSpot 64-Bit Tiered Compilers"/>
    <property name="java.runtime.version" value="17.0.8+9-LTS-211"/>
    <property name="user.name" value="Axblom"/>
    <property name="path.separator" value=";"/>
    <property name="os.version" value="10.0"/>
    <property name="java.runtime.name" value="Java(TM) SE Runtime Environment"/>
    <property name="file.encoding" value="Cp1252"/>
    <property name="java.vm.name" value="Java HotSpot(TM) 64-Bit Server VM"/>
    <property name="localRepository" value="C:\Users\46736\.m2\repository"/>
    <property name="java.vendor.url.bug" value="https://bugreport.java.com/bugreport/"/>
    <property name="java.io.tmpdir" value="C:\Users\46736\AppData\Local\Temp\"/>
    <property name="java.version" value="17.0.8"/>
    <property name="user.dir" value="C:\Users\46736\Desktop\JavaProject\demo"/>
    <property name="os.arch" value="amd64"/>
    <property name="java.vm.specification.name" value="Java Virtual Machine Specification"/>
    <property name="sun.os.patch.level" value=""/>
    <property name="native.encoding" value="Cp1252"/>
    <property name="java.library.path" value="C:\Program Files\Java\jdk-17.0.8\bin;C:\WINDOWS\Sun\Java\bin;C:\WINDOWS\system32;C:\WINDOWS;C:\Python311\Scripts\;C:\Python311\;C:\Program Files\Java\jdk-17.0.8\bin;C:\Program Files\dotnet\;C:\ProgramData\chocolatey\bin;C:\Users\46736\AppData\Roaming\nvm;C:\Program Files\nodejs;C:\Program Files\nodejs\;C:\Program Files\MySQL\MySQL Shell 8.0\bin\;C:\Users\46736\AppData\Local\Microsoft\WindowsApps;C:\Users\46736\AppData\Local\GitHubDesktop\bin;C:\ProgramData\Axblom\GitHubDesktop\bin;C:\Program Files\Docker\Docker\resources\bin;C:\Program Files\Git\bin\;C:\Program Files\Git\cmd\;C:\Users\46736\AppData\Roaming\Composer\vendor\bin;C:\Program Files\JetBrains\PhpStorm 2022.3.2\bin;;C:\Program Files\Azure Data Studio\bin;C:\Users\46736\.dotnet\tools;C:\Users\46736\AppData\Local\Programs\Microsoft VS Code\bin;C:\Users\46736\AppData\Roaming\nvm;C:\Program Files\nodejs;C:\Users\46736\AppData\Roaming\npm;C:\Windows\System32;C:\Program Files\MongoDB\Server\7.0\bin;C:\Users\46736\Downloads\apache-maven-3.9.4-bin (1)\apache-maven-3.9.4\bin;;."/>
    <property name="java.vm.info" value="mixed mode, sharing"/>
    <property name="java.vendor" value="Oracle Corporation"/>
    <property name="java.vm.version" value="17.0.8+9-LTS-211"/>
    <property name="sun.io.unicode.encoding" value="UnicodeLittle"/>
    <property name="java.class.version" value="61.0"/>
  </properties>
  <testcase name="shouldAnswerWithTrue" classname="com.practice.AppTest" time="0.001"/>
</testsuite>